Arguments: 
  C:\Program Files\nodejs\node.exe C:\Program Files (x86)\Yarn\bin\yarn.js global add serve

PATH: 
  C:\Users\Turno am\bin;C:\Program Files\Git\mingw64\bin;C:\Program Files\Git\usr\local\bin;C:\Program Files\Git\usr\bin;C:\Program Files\Git\usr\bin;C:\Program Files\Git\mingw64\bin;C:\Program Files\Git\usr\bin;C:\Users\Turno am\bin;C:\WINDOWS\system32;C:\WINDOWS;C:\WINDOWS\System32\Wbem;C:\WINDOWS\System32\WindowsPowerShell\v1.0;C:\Program Files\nodejs;C:\Program Files\Git\cmd;C:\WINDOWS\System32\OpenSSH;C:\Program Files\IBM\Cloud\bin;C:\Program Files\Microsoft VS Code\bin;C:\Program Files (x86)\Yarn\bin;C:\Users\Turno am\AppData\Local\Microsoft\WindowsApps;C:\Users\Turno am\AppData\Roaming\npm;C:\Users\Turno am\AppData\Local\Yarn\bin;C:\Program Files\Git\usr\bin\vendor_perl;C:\Program Files\Git\usr\bin\core_perl

Yarn version: 
  1.9.4

Node version: 
  8.11.2

Platform: 
  win32 x64

Trace: 
  SyntaxError: C:\Laboratoria\5to-proyecto\Access-web\package.json: Unexpected end of JSON input
      at JSON.parse (<anonymous>)
      at C:\Program Files (x86)\Yarn\lib\cli.js:1130:59
      at Generator.next (<anonymous>)
      at step (C:\Program Files (x86)\Yarn\lib\cli.js:92:30)
      at C:\Program Files (x86)\Yarn\lib\cli.js:103:13
      at <anonymous>

npm manifest: 
  

yarn manifest: 
  No manifest

Lockfile: 
  No lockfile
